Created by PLY version 3.8 (http://www.dabeaz.com/ply)

Grammar

Rule 0     S' -> programa
Rule 1     programa -> PROGRAM ID SEMICOLON a b bloque END
Rule 2     a -> variable
Rule 3     a -> <empty>
Rule 4     b -> funcion b
Rule 5     b -> <empty>
Rule 6     bloque -> LCURLY c RCURLY
Rule 7     c -> estatuto c
Rule 8     c -> <empty>
Rule 9     tipo -> INTTYPE
Rule 10    tipo -> FLOATTYPE
Rule 11    tipo -> CHARTYPE
Rule 12    tipo -> BOOLTYPE
Rule 13    tipo -> STRINGTYPE
Rule 14    estatuto -> asignacion
Rule 15    estatuto -> condicion
Rule 16    estatuto -> escritura
Rule 17    estatuto -> ciclo
Rule 18    variable -> VAR d
Rule 19    d -> e COLON tipo SEMICOLON f
Rule 20    e -> ID
Rule 21    e -> ID LBRACKET RBRACKET COMA e
Rule 22    e -> ID LBRACKET RBRACKET
Rule 23    e -> ID COMA e
Rule 24    f -> d
Rule 25    f -> <empty>
Rule 26    asignacion -> ID g
Rule 27    g -> ASSIGN expresion
Rule 28    g -> LBRACKET RBRACKET ASSIGN LBRACKET h RBRACKET SEMICOLON
Rule 29    h -> expresion
Rule 30    h -> expresion COMA h
Rule 31    exp -> termino i
Rule 32    i -> j
Rule 33    i -> <empty>
Rule 34    j -> ADDITION exp
Rule 35    j -> SUBTRACTION exp
Rule 36    termino -> factor k
Rule 37    k -> l
Rule 38    k -> <empty>
Rule 39    l -> MULTIPLICATION termino
Rule 40    l -> DIVISION termino
Rule 41    factor -> m
Rule 42    factor -> n
Rule 43    m -> varcte
Rule 44    n -> LPARENTHESIS expresion RPARENTHESIS
Rule 45    expresion -> exp o
Rule 46    o -> LESS exp
Rule 47    o -> GREATER exp
Rule 48    o -> LESSEQUAL exp
Rule 49    o -> GREATEREQUAL exp
Rule 50    o -> NOTEQUAL exp
Rule 51    o -> EQUAL exp
Rule 52    o -> <empty>
Rule 53    varcte -> p
Rule 54    p -> ID q
Rule 55    p -> INT
Rule 56    p -> FLOAT
Rule 57    p -> CHAR
Rule 58    p -> STRING
Rule 59    p -> BOOL
Rule 60    q -> LBRACKET RBRACKET
Rule 61    q -> <empty>
Rule 62    condicion -> IF LPARENTHESIS expresion RPARENTHESIS bloque r
Rule 63    r -> ELSE bloque
Rule 64    r -> <empty>
Rule 65    escritura -> PRINT LPARENTHESIS s RPARENTHESIS SEMICOLON
Rule 66    s -> expresion
Rule 67    s -> QUOTE CTESTRING QUOTE
Rule 68    ciclo -> WHILE LPARENTHESIS expresion RPARENTHESIS bloque
Rule 69    funcion -> tipo FUNC ID LPARENTHESIS t RPARENTHESIS bloque
Rule 70    t -> argumentos
Rule 71    t -> <empty>
Rule 72    argumentos -> u
Rule 73    u -> ID tipo
Rule 74    u -> ID tipo COMA u

Terminals, with rules where they appear

ADDITION             : 34
ASSIGN               : 27 28
BOOL                 : 59
BOOLTYPE             : 12
CHAR                 : 57
CHARTYPE             : 11
COLON                : 19
COMA                 : 21 23 30 74
CTESTRING            : 67
DIVISION             : 40
ELSE                 : 63
END                  : 1
EQUAL                : 51
FLOAT                : 56
FLOATTYPE            : 10
FUNC                 : 69
GREATER              : 47
GREATEREQUAL         : 49
ID                   : 1 20 21 22 23 26 54 69 73 74
IF                   : 62
INT                  : 55
INTTYPE              : 9
LBRACKET             : 21 22 28 28 60
LCURLY               : 6
LESS                 : 46
LESSEQUAL            : 48
LPARENTHESIS         : 44 62 65 68 69
MULTIPLICATION       : 39
NOTEQUAL             : 50
PRINT                : 65
PROGRAM              : 1
QUOTE                : 67 67
RBRACKET             : 21 22 28 28 60
RCURLY               : 6
RPARENTHESIS         : 44 62 65 68 69
SEMICOLON            : 1 19 28 65
STRING               : 58
STRINGTYPE           : 13
SUBTRACTION          : 35
VAR                  : 18
WHILE                : 68
error                : 

Nonterminals, with rules where they appear

a                    : 1
argumentos           : 70
asignacion           : 14
b                    : 1 4
bloque               : 1 62 63 68 69
c                    : 6 7
ciclo                : 17
condicion            : 15
d                    : 18 24
e                    : 19 21 23
escritura            : 16
estatuto             : 7
exp                  : 34 35 45 46 47 48 49 50 51
expresion            : 27 29 30 44 62 66 68
f                    : 19
factor               : 36
funcion              : 4
g                    : 26
h                    : 28 30
i                    : 31
j                    : 32
k                    : 36
l                    : 37
m                    : 41
n                    : 42
o                    : 45
p                    : 53
programa             : 0
q                    : 54
r                    : 62
s                    : 65
t                    : 69
termino              : 31 39 40
tipo                 : 19 69 73 74
u                    : 72 74
varcte               : 43
variable             : 2

Parsing method: LALR

state 0

    (0) S' -> . programa
    (1) programa -> . PROGRAM ID SEMICOLON a b bloque END

    PROGRAM         shift and go to state 1

    programa                       shift and go to state 2

state 1

    (1) programa -> PROGRAM . ID SEMICOLON a b bloque END

    ID              shift and go to state 3


state 2

    (0) S' -> programa .



state 3

    (1) programa -> PROGRAM ID . SEMICOLON a b bloque END

    SEMICOLON       shift and go to state 4


state 4

    (1) programa -> PROGRAM ID SEMICOLON . a b bloque END
    (2) a -> . variable
    (3) a -> .
    (18) variable -> . VAR d

    INTTYPE         reduce using rule 3 (a -> .)
    FLOATTYPE       reduce using rule 3 (a -> .)
    CHARTYPE        reduce using rule 3 (a -> .)
    BOOLTYPE        reduce using rule 3 (a -> .)
    STRINGTYPE      reduce using rule 3 (a -> .)
    LCURLY          reduce using rule 3 (a -> .)
    VAR             shift and go to state 6

    a                              shift and go to state 5
    variable                       shift and go to state 7

state 5

    (1) programa -> PROGRAM ID SEMICOLON a . b bloque END
    (4) b -> . funcion b
    (5) b -> .
    (69) funcion -> . tipo FUNC ID LPARENTHESIS t RPARENTHESIS bloque
    (9) tipo -> . INTTYPE
    (10) tipo -> . FLOATTYPE
    (11) tipo -> . CHARTYPE
    (12) tipo -> . BOOLTYPE
    (13) tipo -> . STRINGTYPE

    LCURLY          reduce using rule 5 (b -> .)
    INTTYPE         shift and go to state 14
    FLOATTYPE       shift and go to state 11
    CHARTYPE        shift and go to state 13
    BOOLTYPE        shift and go to state 8
    STRINGTYPE      shift and go to state 12

    b                              shift and go to state 9
    tipo                           shift and go to state 10
    funcion                        shift and go to state 15

state 6

    (18) variable -> VAR . d
    (19) d -> . e COLON tipo SEMICOLON f
    (20) e -> . ID
    (21) e -> . ID LBRACKET RBRACKET COMA e
    (22) e -> . ID LBRACKET RBRACKET
    (23) e -> . ID COMA e

    ID              shift and go to state 18

    e                              shift and go to state 16
    d                              shift and go to state 17

state 7

    (2) a -> variable .

    INTTYPE         reduce using rule 2 (a -> variable .)
    FLOATTYPE       reduce using rule 2 (a -> variable .)
    CHARTYPE        reduce using rule 2 (a -> variable .)
    BOOLTYPE        reduce using rule 2 (a -> variable .)
    STRINGTYPE      reduce using rule 2 (a -> variable .)
    LCURLY          reduce using rule 2 (a -> variable .)


state 8

    (12) tipo -> BOOLTYPE .

    FUNC            reduce using rule 12 (tipo -> BOOLTYPE .)
    SEMICOLON       reduce using rule 12 (tipo -> BOOLTYPE .)
    COMA            reduce using rule 12 (tipo -> BOOLTYPE .)
    RPARENTHESIS    reduce using rule 12 (tipo -> BOOLTYPE .)


state 9

    (1) programa -> PROGRAM ID SEMICOLON a b . bloque END
    (6) bloque -> . LCURLY c RCURLY

    LCURLY          shift and go to state 19

    bloque                         shift and go to state 20

state 10

    (69) funcion -> tipo . FUNC ID LPARENTHESIS t RPARENTHESIS bloque

    FUNC            shift and go to state 21


state 11

    (10) tipo -> FLOATTYPE .

    FUNC            reduce using rule 10 (tipo -> FLOATTYPE .)
    SEMICOLON       reduce using rule 10 (tipo -> FLOATTYPE .)
    COMA            reduce using rule 10 (tipo -> FLOATTYPE .)
    RPARENTHESIS    reduce using rule 10 (tipo -> FLOATTYPE .)


state 12

    (13) tipo -> STRINGTYPE .

    FUNC            reduce using rule 13 (tipo -> STRINGTYPE .)
    SEMICOLON       reduce using rule 13 (tipo -> STRINGTYPE .)
    COMA            reduce using rule 13 (tipo -> STRINGTYPE .)
    RPARENTHESIS    reduce using rule 13 (tipo -> STRINGTYPE .)


state 13

    (11) tipo -> CHARTYPE .

    FUNC            reduce using rule 11 (tipo -> CHARTYPE .)
    SEMICOLON       reduce using rule 11 (tipo -> CHARTYPE .)
    COMA            reduce using rule 11 (tipo -> CHARTYPE .)
    RPARENTHESIS    reduce using rule 11 (tipo -> CHARTYPE .)


state 14

    (9) tipo -> INTTYPE .

    FUNC            reduce using rule 9 (tipo -> INTTYPE .)
    SEMICOLON       reduce using rule 9 (tipo -> INTTYPE .)
    COMA            reduce using rule 9 (tipo -> INTTYPE .)
    RPARENTHESIS    reduce using rule 9 (tipo -> INTTYPE .)


state 15

    (4) b -> funcion . b
    (4) b -> . funcion b
    (5) b -> .
    (69) funcion -> . tipo FUNC ID LPARENTHESIS t RPARENTHESIS bloque
    (9) tipo -> . INTTYPE
    (10) tipo -> . FLOATTYPE
    (11) tipo -> . CHARTYPE
    (12) tipo -> . BOOLTYPE
    (13) tipo -> . STRINGTYPE

    LCURLY          reduce using rule 5 (b -> .)
    INTTYPE         shift and go to state 14
    FLOATTYPE       shift and go to state 11
    CHARTYPE        shift and go to state 13
    BOOLTYPE        shift and go to state 8
    STRINGTYPE      shift and go to state 12

    b                              shift and go to state 22
    tipo                           shift and go to state 10
    funcion                        shift and go to state 15

state 16

    (19) d -> e . COLON tipo SEMICOLON f

    COLON           shift and go to state 23


state 17

    (18) variable -> VAR d .

    INTTYPE         reduce using rule 18 (variable -> VAR d .)
    FLOATTYPE       reduce using rule 18 (variable -> VAR d .)
    CHARTYPE        reduce using rule 18 (variable -> VAR d .)
    BOOLTYPE        reduce using rule 18 (variable -> VAR d .)
    STRINGTYPE      reduce using rule 18 (variable -> VAR d .)
    LCURLY          reduce using rule 18 (variable -> VAR d .)


state 18

    (20) e -> ID .
    (21) e -> ID . LBRACKET RBRACKET COMA e
    (22) e -> ID . LBRACKET RBRACKET
    (23) e -> ID . COMA e

    COLON           reduce using rule 20 (e -> ID .)
    LBRACKET        shift and go to state 24
    COMA            shift and go to state 25


state 19

    (6) bloque -> LCURLY . c RCURLY
    (7) c -> . estatuto c
    (8) c -> .
    (14) estatuto -> . asignacion
    (15) estatuto -> . condicion
    (16) estatuto -> . escritura
    (17) estatuto -> . ciclo
    (26) asignacion -> . ID g
    (62) condicion -> . IF LPARENTHESIS expresion RPARENTHESIS bloque r
    (65) escritura -> . PRINT LPARENTHESIS s RPARENTHESIS SEMICOLON
    (68) ciclo -> . WHILE LPARENTHESIS expresion RPARENTHESIS bloque

    RCURLY          reduce using rule 8 (c -> .)
    ID              shift and go to state 34
    IF              shift and go to state 33
    PRINT           shift and go to state 32
    WHILE           shift and go to state 30

    c                              shift and go to state 26
    ciclo                          shift and go to state 27
    asignacion                     shift and go to state 28
    estatuto                       shift and go to state 29
    condicion                      shift and go to state 31
    escritura                      shift and go to state 35

state 20

    (1) programa -> PROGRAM ID SEMICOLON a b bloque . END

    END             shift and go to state 36


state 21

    (69) funcion -> tipo FUNC . ID LPARENTHESIS t RPARENTHESIS bloque

    ID              shift and go to state 37


state 22

    (4) b -> funcion b .

    LCURLY          reduce using rule 4 (b -> funcion b .)


state 23

    (19) d -> e COLON . tipo SEMICOLON f
    (9) tipo -> . INTTYPE
    (10) tipo -> . FLOATTYPE
    (11) tipo -> . CHARTYPE
    (12) tipo -> . BOOLTYPE
    (13) tipo -> . STRINGTYPE

    INTTYPE         shift and go to state 14
    FLOATTYPE       shift and go to state 11
    CHARTYPE        shift and go to state 13
    BOOLTYPE        shift and go to state 8
    STRINGTYPE      shift and go to state 12

    tipo                           shift and go to state 38

state 24

    (21) e -> ID LBRACKET . RBRACKET COMA e
    (22) e -> ID LBRACKET . RBRACKET

    RBRACKET        shift and go to state 39


state 25

    (23) e -> ID COMA . e
    (20) e -> . ID
    (21) e -> . ID LBRACKET RBRACKET COMA e
    (22) e -> . ID LBRACKET RBRACKET
    (23) e -> . ID COMA e

    ID              shift and go to state 18

    e                              shift and go to state 40

state 26

    (6) bloque -> LCURLY c . RCURLY

    RCURLY          shift and go to state 41


state 27

    (17) estatuto -> ciclo .

    ID              reduce using rule 17 (estatuto -> ciclo .)
    IF              reduce using rule 17 (estatuto -> ciclo .)
    PRINT           reduce using rule 17 (estatuto -> ciclo .)
    WHILE           reduce using rule 17 (estatuto -> ciclo .)
    RCURLY          reduce using rule 17 (estatuto -> ciclo .)


state 28

    (14) estatuto -> asignacion .

    ID              reduce using rule 14 (estatuto -> asignacion .)
    IF              reduce using rule 14 (estatuto -> asignacion .)
    PRINT           reduce using rule 14 (estatuto -> asignacion .)
    WHILE           reduce using rule 14 (estatuto -> asignacion .)
    RCURLY          reduce using rule 14 (estatuto -> asignacion .)


state 29

    (7) c -> estatuto . c
    (7) c -> . estatuto c
    (8) c -> .
    (14) estatuto -> . asignacion
    (15) estatuto -> . condicion
    (16) estatuto -> . escritura
    (17) estatuto -> . ciclo
    (26) asignacion -> . ID g
    (62) condicion -> . IF LPARENTHESIS expresion RPARENTHESIS bloque r
    (65) escritura -> . PRINT LPARENTHESIS s RPARENTHESIS SEMICOLON
    (68) ciclo -> . WHILE LPARENTHESIS expresion RPARENTHESIS bloque

    RCURLY          reduce using rule 8 (c -> .)
    ID              shift and go to state 34
    IF              shift and go to state 33
    PRINT           shift and go to state 32
    WHILE           shift and go to state 30

    c                              shift and go to state 42
    ciclo                          shift and go to state 27
    asignacion                     shift and go to state 28
    estatuto                       shift and go to state 29
    condicion                      shift and go to state 31
    escritura                      shift and go to state 35

state 30

    (68) ciclo -> WHILE . LPARENTHESIS expresion RPARENTHESIS bloque

    LPARENTHESIS    shift and go to state 43


state 31

    (15) estatuto -> condicion .

    ID              reduce using rule 15 (estatuto -> condicion .)
    IF              reduce using rule 15 (estatuto -> condicion .)
    PRINT           reduce using rule 15 (estatuto -> condicion .)
    WHILE           reduce using rule 15 (estatuto -> condicion .)
    RCURLY          reduce using rule 15 (estatuto -> condicion .)


state 32

    (65) escritura -> PRINT . LPARENTHESIS s RPARENTHESIS SEMICOLON

    LPARENTHESIS    shift and go to state 44


state 33

    (62) condicion -> IF . LPARENTHESIS expresion RPARENTHESIS bloque r

    LPARENTHESIS    shift and go to state 45


state 34

    (26) asignacion -> ID . g
    (27) g -> . ASSIGN expresion
    (28) g -> . LBRACKET RBRACKET ASSIGN LBRACKET h RBRACKET SEMICOLON

    ASSIGN          shift and go to state 47
    LBRACKET        shift and go to state 48

    g                              shift and go to state 46

state 35

    (16) estatuto -> escritura .

    ID              reduce using rule 16 (estatuto -> escritura .)
    IF              reduce using rule 16 (estatuto -> escritura .)
    PRINT           reduce using rule 16 (estatuto -> escritura .)
    WHILE           reduce using rule 16 (estatuto -> escritura .)
    RCURLY          reduce using rule 16 (estatuto -> escritura .)


state 36

    (1) programa -> PROGRAM ID SEMICOLON a b bloque END .

    $end            reduce using rule 1 (programa -> PROGRAM ID SEMICOLON a b bloque END .)


state 37

    (69) funcion -> tipo FUNC ID . LPARENTHESIS t RPARENTHESIS bloque

    LPARENTHESIS    shift and go to state 49


state 38

    (19) d -> e COLON tipo . SEMICOLON f

    SEMICOLON       shift and go to state 50


state 39

    (21) e -> ID LBRACKET RBRACKET . COMA e
    (22) e -> ID LBRACKET RBRACKET .

    COMA            shift and go to state 51
    COLON           reduce using rule 22 (e -> ID LBRACKET RBRACKET .)


state 40

    (23) e -> ID COMA e .

    COLON           reduce using rule 23 (e -> ID COMA e .)


state 41

    (6) bloque -> LCURLY c RCURLY .

    END             reduce using rule 6 (bloque -> LCURLY c RCURLY .)
    ELSE            reduce using rule 6 (bloque -> LCURLY c RCURLY .)
    ID              reduce using rule 6 (bloque -> LCURLY c RCURLY .)
    IF              reduce using rule 6 (bloque -> LCURLY c RCURLY .)
    PRINT           reduce using rule 6 (bloque -> LCURLY c RCURLY .)
    WHILE           reduce using rule 6 (bloque -> LCURLY c RCURLY .)
    RCURLY          reduce using rule 6 (bloque -> LCURLY c RCURLY .)
    INTTYPE         reduce using rule 6 (bloque -> LCURLY c RCURLY .)
    FLOATTYPE       reduce using rule 6 (bloque -> LCURLY c RCURLY .)
    CHARTYPE        reduce using rule 6 (bloque -> LCURLY c RCURLY .)
    BOOLTYPE        reduce using rule 6 (bloque -> LCURLY c RCURLY .)
    STRINGTYPE      reduce using rule 6 (bloque -> LCURLY c RCURLY .)
    LCURLY          reduce using rule 6 (bloque -> LCURLY c RCURLY .)


state 42

    (7) c -> estatuto c .

    RCURLY          reduce using rule 7 (c -> estatuto c .)


state 43

    (68) ciclo -> WHILE LPARENTHESIS . expresion RPARENTHESIS bloque
    (45) expresion -> . exp o
    (31) exp -> . termino i
    (36) termino -> . factor k
    (41) factor -> . m
    (42) factor -> . n
    (43) m -> . varcte
    (44) n -> . LPARENTHESIS expresion RPARENTHESIS
    (53) varcte -> . p
    (54) p -> . ID q
    (55) p -> . INT
    (56) p -> . FLOAT
    (57) p -> . CHAR
    (58) p -> . STRING
    (59) p -> . BOOL

    LPARENTHESIS    shift and go to state 57
    ID              shift and go to state 58
    INT             shift and go to state 66
    FLOAT           shift and go to state 60
    CHAR            shift and go to state 52
    STRING          shift and go to state 56
    BOOL            shift and go to state 64

    expresion                      shift and go to state 59
    varcte                         shift and go to state 54
    m                              shift and go to state 61
    n                              shift and go to state 62
    p                              shift and go to state 63
    termino                        shift and go to state 53
    exp                            shift and go to state 65
    factor                         shift and go to state 55

state 44

    (65) escritura -> PRINT LPARENTHESIS . s RPARENTHESIS SEMICOLON
    (66) s -> . expresion
    (67) s -> . QUOTE CTESTRING QUOTE
    (45) expresion -> . exp o
    (31) exp -> . termino i
    (36) termino -> . factor k
    (41) factor -> . m
    (42) factor -> . n
    (43) m -> . varcte
    (44) n -> . LPARENTHESIS expresion RPARENTHESIS
    (53) varcte -> . p
    (54) p -> . ID q
    (55) p -> . INT
    (56) p -> . FLOAT
    (57) p -> . CHAR
    (58) p -> . STRING
    (59) p -> . BOOL

    QUOTE           shift and go to state 67
    LPARENTHESIS    shift and go to state 57
    ID              shift and go to state 58
    INT             shift and go to state 66
    FLOAT           shift and go to state 60
    CHAR            shift and go to state 52
    STRING          shift and go to state 56
    BOOL            shift and go to state 64

    expresion                      shift and go to state 68
    varcte                         shift and go to state 54
    m                              shift and go to state 61
    n                              shift and go to state 62
    p                              shift and go to state 63
    s                              shift and go to state 69
    termino                        shift and go to state 53
    exp                            shift and go to state 65
    factor                         shift and go to state 55

state 45

    (62) condicion -> IF LPARENTHESIS . expresion RPARENTHESIS bloque r
    (45) expresion -> . exp o
    (31) exp -> . termino i
    (36) termino -> . factor k
    (41) factor -> . m
    (42) factor -> . n
    (43) m -> . varcte
    (44) n -> . LPARENTHESIS expresion RPARENTHESIS
    (53) varcte -> . p
    (54) p -> . ID q
    (55) p -> . INT
    (56) p -> . FLOAT
    (57) p -> . CHAR
    (58) p -> . STRING
    (59) p -> . BOOL

    LPARENTHESIS    shift and go to state 57
    ID              shift and go to state 58
    INT             shift and go to state 66
    FLOAT           shift and go to state 60
    CHAR            shift and go to state 52
    STRING          shift and go to state 56
    BOOL            shift and go to state 64

    expresion                      shift and go to state 70
    varcte                         shift and go to state 54
    m                              shift and go to state 61
    n                              shift and go to state 62
    p                              shift and go to state 63
    termino                        shift and go to state 53
    exp                            shift and go to state 65
    factor                         shift and go to state 55

state 46

    (26) asignacion -> ID g .

    ID              reduce using rule 26 (asignacion -> ID g .)
    IF              reduce using rule 26 (asignacion -> ID g .)
    PRINT           reduce using rule 26 (asignacion -> ID g .)
    WHILE           reduce using rule 26 (asignacion -> ID g .)
    RCURLY          reduce using rule 26 (asignacion -> ID g .)


state 47

    (27) g -> ASSIGN . expresion
    (45) expresion -> . exp o
    (31) exp -> . termino i
    (36) termino -> . factor k
    (41) factor -> . m
    (42) factor -> . n
    (43) m -> . varcte
    (44) n -> . LPARENTHESIS expresion RPARENTHESIS
    (53) varcte -> . p
    (54) p -> . ID q
    (55) p -> . INT
    (56) p -> . FLOAT
    (57) p -> . CHAR
    (58) p -> . STRING
    (59) p -> . BOOL

    LPARENTHESIS    shift and go to state 57
    ID              shift and go to state 58
    INT             shift and go to state 66
    FLOAT           shift and go to state 60
    CHAR            shift and go to state 52
    STRING          shift and go to state 56
    BOOL            shift and go to state 64

    expresion                      shift and go to state 71
    varcte                         shift and go to state 54
    m                              shift and go to state 61
    n                              shift and go to state 62
    p                              shift and go to state 63
    termino                        shift and go to state 53
    exp                            shift and go to state 65
    factor                         shift and go to state 55

state 48

    (28) g -> LBRACKET . RBRACKET ASSIGN LBRACKET h RBRACKET SEMICOLON

    RBRACKET        shift and go to state 72


state 49

    (69) funcion -> tipo FUNC ID LPARENTHESIS . t RPARENTHESIS bloque
    (70) t -> . argumentos
    (71) t -> .
    (72) argumentos -> . u
    (73) u -> . ID tipo
    (74) u -> . ID tipo COMA u

    RPARENTHESIS    reduce using rule 71 (t -> .)
    ID              shift and go to state 76

    argumentos                     shift and go to state 75
    u                              shift and go to state 73
    t                              shift and go to state 74

state 50

    (19) d -> e COLON tipo SEMICOLON . f
    (24) f -> . d
    (25) f -> .
    (19) d -> . e COLON tipo SEMICOLON f
    (20) e -> . ID
    (21) e -> . ID LBRACKET RBRACKET COMA e
    (22) e -> . ID LBRACKET RBRACKET
    (23) e -> . ID COMA e

    INTTYPE         reduce using rule 25 (f -> .)
    FLOATTYPE       reduce using rule 25 (f -> .)
    CHARTYPE        reduce using rule 25 (f -> .)
    BOOLTYPE        reduce using rule 25 (f -> .)
    STRINGTYPE      reduce using rule 25 (f -> .)
    LCURLY          reduce using rule 25 (f -> .)
    ID              shift and go to state 18

    e                              shift and go to state 16
    d                              shift and go to state 77
    f                              shift and go to state 78

state 51

    (21) e -> ID LBRACKET RBRACKET COMA . e
    (20) e -> . ID
    (21) e -> . ID LBRACKET RBRACKET COMA e
    (22) e -> . ID LBRACKET RBRACKET
    (23) e -> . ID COMA e

    ID              shift and go to state 18

    e                              shift and go to state 79

state 52

    (57) p -> CHAR .

    MULTIPLICATION  reduce using rule 57 (p -> CHAR .)
    DIVISION        reduce using rule 57 (p -> CHAR .)
    ADDITION        reduce using rule 57 (p -> CHAR .)
    SUBTRACTION     reduce using rule 57 (p -> CHAR .)
    RPARENTHESIS    reduce using rule 57 (p -> CHAR .)
    ID              reduce using rule 57 (p -> CHAR .)
    IF              reduce using rule 57 (p -> CHAR .)
    PRINT           reduce using rule 57 (p -> CHAR .)
    WHILE           reduce using rule 57 (p -> CHAR .)
    RCURLY          reduce using rule 57 (p -> CHAR .)
    COMA            reduce using rule 57 (p -> CHAR .)
    RBRACKET        reduce using rule 57 (p -> CHAR .)
    LESS            reduce using rule 57 (p -> CHAR .)
    GREATER         reduce using rule 57 (p -> CHAR .)
    LESSEQUAL       reduce using rule 57 (p -> CHAR .)
    GREATEREQUAL    reduce using rule 57 (p -> CHAR .)
    NOTEQUAL        reduce using rule 57 (p -> CHAR .)
    EQUAL           reduce using rule 57 (p -> CHAR .)


state 53

    (31) exp -> termino . i
    (32) i -> . j
    (33) i -> .
    (34) j -> . ADDITION exp
    (35) j -> . SUBTRACTION exp

    LESS            reduce using rule 33 (i -> .)
    GREATER         reduce using rule 33 (i -> .)
    LESSEQUAL       reduce using rule 33 (i -> .)
    GREATEREQUAL    reduce using rule 33 (i -> .)
    NOTEQUAL        reduce using rule 33 (i -> .)
    EQUAL           reduce using rule 33 (i -> .)
    RPARENTHESIS    reduce using rule 33 (i -> .)
    ID              reduce using rule 33 (i -> .)
    IF              reduce using rule 33 (i -> .)
    PRINT           reduce using rule 33 (i -> .)
    WHILE           reduce using rule 33 (i -> .)
    RCURLY          reduce using rule 33 (i -> .)
    COMA            reduce using rule 33 (i -> .)
    RBRACKET        reduce using rule 33 (i -> .)
    ADDITION        shift and go to state 82
    SUBTRACTION     shift and go to state 83

    i                              shift and go to state 80
    j                              shift and go to state 81

state 54

    (43) m -> varcte .

    MULTIPLICATION  reduce using rule 43 (m -> varcte .)
    DIVISION        reduce using rule 43 (m -> varcte .)
    ADDITION        reduce using rule 43 (m -> varcte .)
    SUBTRACTION     reduce using rule 43 (m -> varcte .)
    RPARENTHESIS    reduce using rule 43 (m -> varcte .)
    ID              reduce using rule 43 (m -> varcte .)
    IF              reduce using rule 43 (m -> varcte .)
    PRINT           reduce using rule 43 (m -> varcte .)
    WHILE           reduce using rule 43 (m -> varcte .)
    RCURLY          reduce using rule 43 (m -> varcte .)
    COMA            reduce using rule 43 (m -> varcte .)
    RBRACKET        reduce using rule 43 (m -> varcte .)
    LESS            reduce using rule 43 (m -> varcte .)
    GREATER         reduce using rule 43 (m -> varcte .)
    LESSEQUAL       reduce using rule 43 (m -> varcte .)
    GREATEREQUAL    reduce using rule 43 (m -> varcte .)
    NOTEQUAL        reduce using rule 43 (m -> varcte .)
    EQUAL           reduce using rule 43 (m -> varcte .)


state 55

    (36) termino -> factor . k
    (37) k -> . l
    (38) k -> .
    (39) l -> . MULTIPLICATION termino
    (40) l -> . DIVISION termino

    ADDITION        reduce using rule 38 (k -> .)
    SUBTRACTION     reduce using rule 38 (k -> .)
    LESS            reduce using rule 38 (k -> .)
    GREATER         reduce using rule 38 (k -> .)
    LESSEQUAL       reduce using rule 38 (k -> .)
    GREATEREQUAL    reduce using rule 38 (k -> .)
    NOTEQUAL        reduce using rule 38 (k -> .)
    EQUAL           reduce using rule 38 (k -> .)
    RPARENTHESIS    reduce using rule 38 (k -> .)
    ID              reduce using rule 38 (k -> .)
    IF              reduce using rule 38 (k -> .)
    PRINT           reduce using rule 38 (k -> .)
    WHILE           reduce using rule 38 (k -> .)
    RCURLY          reduce using rule 38 (k -> .)
    COMA            reduce using rule 38 (k -> .)
    RBRACKET        reduce using rule 38 (k -> .)
    MULTIPLICATION  shift and go to state 87
    DIVISION        shift and go to state 84

    k                              shift and go to state 85
    l                              shift and go to state 86

state 56

    (58) p -> STRING .

    MULTIPLICATION  reduce using rule 58 (p -> STRING .)
    DIVISION        reduce using rule 58 (p -> STRING .)
    ADDITION        reduce using rule 58 (p -> STRING .)
    SUBTRACTION     reduce using rule 58 (p -> STRING .)
    RPARENTHESIS    reduce using rule 58 (p -> STRING .)
    ID              reduce using rule 58 (p -> STRING .)
    IF              reduce using rule 58 (p -> STRING .)
    PRINT           reduce using rule 58 (p -> STRING .)
    WHILE           reduce using rule 58 (p -> STRING .)
    RCURLY          reduce using rule 58 (p -> STRING .)
    COMA            reduce using rule 58 (p -> STRING .)
    RBRACKET        reduce using rule 58 (p -> STRING .)
    LESS            reduce using rule 58 (p -> STRING .)
    GREATER         reduce using rule 58 (p -> STRING .)
    LESSEQUAL       reduce using rule 58 (p -> STRING .)
    GREATEREQUAL    reduce using rule 58 (p -> STRING .)
    NOTEQUAL        reduce using rule 58 (p -> STRING .)
    EQUAL           reduce using rule 58 (p -> STRING .)


state 57

    (44) n -> LPARENTHESIS . expresion RPARENTHESIS
    (45) expresion -> . exp o
    (31) exp -> . termino i
    (36) termino -> . factor k
    (41) factor -> . m
    (42) factor -> . n
    (43) m -> . varcte
    (44) n -> . LPARENTHESIS expresion RPARENTHESIS
    (53) varcte -> . p
    (54) p -> . ID q
    (55) p -> . INT
    (56) p -> . FLOAT
    (57) p -> . CHAR
    (58) p -> . STRING
    (59) p -> . BOOL

    LPARENTHESIS    shift and go to state 57
    ID              shift and go to state 58
    INT             shift and go to state 66
    FLOAT           shift and go to state 60
    CHAR            shift and go to state 52
    STRING          shift and go to state 56
    BOOL            shift and go to state 64

    expresion                      shift and go to state 88
    varcte                         shift and go to state 54
    m                              shift and go to state 61
    n                              shift and go to state 62
    p                              shift and go to state 63
    termino                        shift and go to state 53
    exp                            shift and go to state 65
    factor                         shift and go to state 55

state 58

    (54) p -> ID . q
    (60) q -> . LBRACKET RBRACKET
    (61) q -> .

    LBRACKET        shift and go to state 90
    MULTIPLICATION  reduce using rule 61 (q -> .)
    DIVISION        reduce using rule 61 (q -> .)
    ADDITION        reduce using rule 61 (q -> .)
    SUBTRACTION     reduce using rule 61 (q -> .)
    LESS            reduce using rule 61 (q -> .)
    GREATER         reduce using rule 61 (q -> .)
    LESSEQUAL       reduce using rule 61 (q -> .)
    GREATEREQUAL    reduce using rule 61 (q -> .)
    NOTEQUAL        reduce using rule 61 (q -> .)
    EQUAL           reduce using rule 61 (q -> .)
    RPARENTHESIS    reduce using rule 61 (q -> .)
    ID              reduce using rule 61 (q -> .)
    IF              reduce using rule 61 (q -> .)
    PRINT           reduce using rule 61 (q -> .)
    WHILE           reduce using rule 61 (q -> .)
    RCURLY          reduce using rule 61 (q -> .)
    COMA            reduce using rule 61 (q -> .)
    RBRACKET        reduce using rule 61 (q -> .)

    q                              shift and go to state 89

state 59

    (68) ciclo -> WHILE LPARENTHESIS expresion . RPARENTHESIS bloque

    RPARENTHESIS    shift and go to state 91


state 60

    (56) p -> FLOAT .

    MULTIPLICATION  reduce using rule 56 (p -> FLOAT .)
    DIVISION        reduce using rule 56 (p -> FLOAT .)
    ADDITION        reduce using rule 56 (p -> FLOAT .)
    SUBTRACTION     reduce using rule 56 (p -> FLOAT .)
    RPARENTHESIS    reduce using rule 56 (p -> FLOAT .)
    ID              reduce using rule 56 (p -> FLOAT .)
    IF              reduce using rule 56 (p -> FLOAT .)
    PRINT           reduce using rule 56 (p -> FLOAT .)
    WHILE           reduce using rule 56 (p -> FLOAT .)
    RCURLY          reduce using rule 56 (p -> FLOAT .)
    COMA            reduce using rule 56 (p -> FLOAT .)
    RBRACKET        reduce using rule 56 (p -> FLOAT .)
    LESS            reduce using rule 56 (p -> FLOAT .)
    GREATER         reduce using rule 56 (p -> FLOAT .)
    LESSEQUAL       reduce using rule 56 (p -> FLOAT .)
    GREATEREQUAL    reduce using rule 56 (p -> FLOAT .)
    NOTEQUAL        reduce using rule 56 (p -> FLOAT .)
    EQUAL           reduce using rule 56 (p -> FLOAT .)


state 61

    (41) factor -> m .

    MULTIPLICATION  reduce using rule 41 (factor -> m .)
    DIVISION        reduce using rule 41 (factor -> m .)
    ADDITION        reduce using rule 41 (factor -> m .)
    SUBTRACTION     reduce using rule 41 (factor -> m .)
    LESS            reduce using rule 41 (factor -> m .)
    GREATER         reduce using rule 41 (factor -> m .)
    LESSEQUAL       reduce using rule 41 (factor -> m .)
    GREATEREQUAL    reduce using rule 41 (factor -> m .)
    NOTEQUAL        reduce using rule 41 (factor -> m .)
    EQUAL           reduce using rule 41 (factor -> m .)
    COMA            reduce using rule 41 (factor -> m .)
    RBRACKET        reduce using rule 41 (factor -> m .)
    RPARENTHESIS    reduce using rule 41 (factor -> m .)
    ID              reduce using rule 41 (factor -> m .)
    IF              reduce using rule 41 (factor -> m .)
    PRINT           reduce using rule 41 (factor -> m .)
    WHILE           reduce using rule 41 (factor -> m .)
    RCURLY          reduce using rule 41 (factor -> m .)


state 62

    (42) factor -> n .

    MULTIPLICATION  reduce using rule 42 (factor -> n .)
    DIVISION        reduce using rule 42 (factor -> n .)
    ADDITION        reduce using rule 42 (factor -> n .)
    SUBTRACTION     reduce using rule 42 (factor -> n .)
    LESS            reduce using rule 42 (factor -> n .)
    GREATER         reduce using rule 42 (factor -> n .)
    LESSEQUAL       reduce using rule 42 (factor -> n .)
    GREATEREQUAL    reduce using rule 42 (factor -> n .)
    NOTEQUAL        reduce using rule 42 (factor -> n .)
    EQUAL           reduce using rule 42 (factor -> n .)
    COMA            reduce using rule 42 (factor -> n .)
    RBRACKET        reduce using rule 42 (factor -> n .)
    RPARENTHESIS    reduce using rule 42 (factor -> n .)
    ID              reduce using rule 42 (factor -> n .)
    IF              reduce using rule 42 (factor -> n .)
    PRINT           reduce using rule 42 (factor -> n .)
    WHILE           reduce using rule 42 (factor -> n .)
    RCURLY          reduce using rule 42 (factor -> n .)


state 63

    (53) varcte -> p .

    MULTIPLICATION  reduce using rule 53 (varcte -> p .)
    DIVISION        reduce using rule 53 (varcte -> p .)
    ADDITION        reduce using rule 53 (varcte -> p .)
    SUBTRACTION     reduce using rule 53 (varcte -> p .)
    LESS            reduce using rule 53 (varcte -> p .)
    GREATER         reduce using rule 53 (varcte -> p .)
    LESSEQUAL       reduce using rule 53 (varcte -> p .)
    GREATEREQUAL    reduce using rule 53 (varcte -> p .)
    NOTEQUAL        reduce using rule 53 (varcte -> p .)
    EQUAL           reduce using rule 53 (varcte -> p .)
    COMA            reduce using rule 53 (varcte -> p .)
    RBRACKET        reduce using rule 53 (varcte -> p .)
    RPARENTHESIS    reduce using rule 53 (varcte -> p .)
    ID              reduce using rule 53 (varcte -> p .)
    IF              reduce using rule 53 (varcte -> p .)
    PRINT           reduce using rule 53 (varcte -> p .)
    WHILE           reduce using rule 53 (varcte -> p .)
    RCURLY          reduce using rule 53 (varcte -> p .)


state 64

    (59) p -> BOOL .

    MULTIPLICATION  reduce using rule 59 (p -> BOOL .)
    DIVISION        reduce using rule 59 (p -> BOOL .)
    ADDITION        reduce using rule 59 (p -> BOOL .)
    SUBTRACTION     reduce using rule 59 (p -> BOOL .)
    RPARENTHESIS    reduce using rule 59 (p -> BOOL .)
    ID              reduce using rule 59 (p -> BOOL .)
    IF              reduce using rule 59 (p -> BOOL .)
    PRINT           reduce using rule 59 (p -> BOOL .)
    WHILE           reduce using rule 59 (p -> BOOL .)
    RCURLY          reduce using rule 59 (p -> BOOL .)
    COMA            reduce using rule 59 (p -> BOOL .)
    RBRACKET        reduce using rule 59 (p -> BOOL .)
    LESS            reduce using rule 59 (p -> BOOL .)
    GREATER         reduce using rule 59 (p -> BOOL .)
    LESSEQUAL       reduce using rule 59 (p -> BOOL .)
    GREATEREQUAL    reduce using rule 59 (p -> BOOL .)
    NOTEQUAL        reduce using rule 59 (p -> BOOL .)
    EQUAL           reduce using rule 59 (p -> BOOL .)


state 65

    (45) expresion -> exp . o
    (46) o -> . LESS exp
    (47) o -> . GREATER exp
    (48) o -> . LESSEQUAL exp
    (49) o -> . GREATEREQUAL exp
    (50) o -> . NOTEQUAL exp
    (51) o -> . EQUAL exp
    (52) o -> .

    LESS            shift and go to state 95
    GREATER         shift and go to state 94
    LESSEQUAL       shift and go to state 98
    GREATEREQUAL    shift and go to state 93
    NOTEQUAL        shift and go to state 92
    EQUAL           shift and go to state 96
    RPARENTHESIS    reduce using rule 52 (o -> .)
    ID              reduce using rule 52 (o -> .)
    IF              reduce using rule 52 (o -> .)
    PRINT           reduce using rule 52 (o -> .)
    WHILE           reduce using rule 52 (o -> .)
    RCURLY          reduce using rule 52 (o -> .)
    COMA            reduce using rule 52 (o -> .)
    RBRACKET        reduce using rule 52 (o -> .)

    o                              shift and go to state 97

state 66

    (55) p -> INT .

    MULTIPLICATION  reduce using rule 55 (p -> INT .)
    DIVISION        reduce using rule 55 (p -> INT .)
    ADDITION        reduce using rule 55 (p -> INT .)
    SUBTRACTION     reduce using rule 55 (p -> INT .)
    RPARENTHESIS    reduce using rule 55 (p -> INT .)
    ID              reduce using rule 55 (p -> INT .)
    IF              reduce using rule 55 (p -> INT .)
    PRINT           reduce using rule 55 (p -> INT .)
    WHILE           reduce using rule 55 (p -> INT .)
    RCURLY          reduce using rule 55 (p -> INT .)
    COMA            reduce using rule 55 (p -> INT .)
    RBRACKET        reduce using rule 55 (p -> INT .)
    LESS            reduce using rule 55 (p -> INT .)
    GREATER         reduce using rule 55 (p -> INT .)
    LESSEQUAL       reduce using rule 55 (p -> INT .)
    GREATEREQUAL    reduce using rule 55 (p -> INT .)
    NOTEQUAL        reduce using rule 55 (p -> INT .)
    EQUAL           reduce using rule 55 (p -> INT .)


state 67

    (67) s -> QUOTE . CTESTRING QUOTE

    CTESTRING       shift and go to state 99


state 68

    (66) s -> expresion .

    RPARENTHESIS    reduce using rule 66 (s -> expresion .)


state 69

    (65) escritura -> PRINT LPARENTHESIS s . RPARENTHESIS SEMICOLON

    RPARENTHESIS    shift and go to state 100


state 70

    (62) condicion -> IF LPARENTHESIS expresion . RPARENTHESIS bloque r

    RPARENTHESIS    shift and go to state 101


state 71

    (27) g -> ASSIGN expresion .

    ID              reduce using rule 27 (g -> ASSIGN expresion .)
    IF              reduce using rule 27 (g -> ASSIGN expresion .)
    PRINT           reduce using rule 27 (g -> ASSIGN expresion .)
    WHILE           reduce using rule 27 (g -> ASSIGN expresion .)
    RCURLY          reduce using rule 27 (g -> ASSIGN expresion .)


state 72

    (28) g -> LBRACKET RBRACKET . ASSIGN LBRACKET h RBRACKET SEMICOLON

    ASSIGN          shift and go to state 102


state 73

    (72) argumentos -> u .

    RPARENTHESIS    reduce using rule 72 (argumentos -> u .)


state 74

    (69) funcion -> tipo FUNC ID LPARENTHESIS t . RPARENTHESIS bloque

    RPARENTHESIS    shift and go to state 103


state 75

    (70) t -> argumentos .

    RPARENTHESIS    reduce using rule 70 (t -> argumentos .)


state 76

    (73) u -> ID . tipo
    (74) u -> ID . tipo COMA u
    (9) tipo -> . INTTYPE
    (10) tipo -> . FLOATTYPE
    (11) tipo -> . CHARTYPE
    (12) tipo -> . BOOLTYPE
    (13) tipo -> . STRINGTYPE

    INTTYPE         shift and go to state 14
    FLOATTYPE       shift and go to state 11
    CHARTYPE        shift and go to state 13
    BOOLTYPE        shift and go to state 8
    STRINGTYPE      shift and go to state 12

    tipo                           shift and go to state 104

state 77

    (24) f -> d .

    INTTYPE         reduce using rule 24 (f -> d .)
    FLOATTYPE       reduce using rule 24 (f -> d .)
    CHARTYPE        reduce using rule 24 (f -> d .)
    BOOLTYPE        reduce using rule 24 (f -> d .)
    STRINGTYPE      reduce using rule 24 (f -> d .)
    LCURLY          reduce using rule 24 (f -> d .)


state 78

    (19) d -> e COLON tipo SEMICOLON f .

    INTTYPE         reduce using rule 19 (d -> e COLON tipo SEMICOLON f .)
    FLOATTYPE       reduce using rule 19 (d -> e COLON tipo SEMICOLON f .)
    CHARTYPE        reduce using rule 19 (d -> e COLON tipo SEMICOLON f .)
    BOOLTYPE        reduce using rule 19 (d -> e COLON tipo SEMICOLON f .)
    STRINGTYPE      reduce using rule 19 (d -> e COLON tipo SEMICOLON f .)
    LCURLY          reduce using rule 19 (d -> e COLON tipo SEMICOLON f .)


state 79

    (21) e -> ID LBRACKET RBRACKET COMA e .

    COLON           reduce using rule 21 (e -> ID LBRACKET RBRACKET COMA e .)


state 80

    (31) exp -> termino i .

    LESS            reduce using rule 31 (exp -> termino i .)
    GREATER         reduce using rule 31 (exp -> termino i .)
    LESSEQUAL       reduce using rule 31 (exp -> termino i .)
    GREATEREQUAL    reduce using rule 31 (exp -> termino i .)
    NOTEQUAL        reduce using rule 31 (exp -> termino i .)
    EQUAL           reduce using rule 31 (exp -> termino i .)
    COMA            reduce using rule 31 (exp -> termino i .)
    RBRACKET        reduce using rule 31 (exp -> termino i .)
    RPARENTHESIS    reduce using rule 31 (exp -> termino i .)
    ID              reduce using rule 31 (exp -> termino i .)
    IF              reduce using rule 31 (exp -> termino i .)
    PRINT           reduce using rule 31 (exp -> termino i .)
    WHILE           reduce using rule 31 (exp -> termino i .)
    RCURLY          reduce using rule 31 (exp -> termino i .)


state 81

    (32) i -> j .

    LESS            reduce using rule 32 (i -> j .)
    GREATER         reduce using rule 32 (i -> j .)
    LESSEQUAL       reduce using rule 32 (i -> j .)
    GREATEREQUAL    reduce using rule 32 (i -> j .)
    NOTEQUAL        reduce using rule 32 (i -> j .)
    EQUAL           reduce using rule 32 (i -> j .)
    RPARENTHESIS    reduce using rule 32 (i -> j .)
    ID              reduce using rule 32 (i -> j .)
    IF              reduce using rule 32 (i -> j .)
    PRINT           reduce using rule 32 (i -> j .)
    WHILE           reduce using rule 32 (i -> j .)
    RCURLY          reduce using rule 32 (i -> j .)
    COMA            reduce using rule 32 (i -> j .)
    RBRACKET        reduce using rule 32 (i -> j .)


state 82

    (34) j -> ADDITION . exp
    (31) exp -> . termino i
    (36) termino -> . factor k
    (41) factor -> . m
    (42) factor -> . n
    (43) m -> . varcte
    (44) n -> . LPARENTHESIS expresion RPARENTHESIS
    (53) varcte -> . p
    (54) p -> . ID q
    (55) p -> . INT
    (56) p -> . FLOAT
    (57) p -> . CHAR
    (58) p -> . STRING
    (59) p -> . BOOL

    LPARENTHESIS    shift and go to state 57
    ID              shift and go to state 58
    INT             shift and go to state 66
    FLOAT           shift and go to state 60
    CHAR            shift and go to state 52
    STRING          shift and go to state 56
    BOOL            shift and go to state 64

    varcte                         shift and go to state 54
    m                              shift and go to state 61
    n                              shift and go to state 62
    p                              shift and go to state 63
    termino                        shift and go to state 53
    exp                            shift and go to state 105
    factor                         shift and go to state 55

state 83

    (35) j -> SUBTRACTION . exp
    (31) exp -> . termino i
    (36) termino -> . factor k
    (41) factor -> . m
    (42) factor -> . n
    (43) m -> . varcte
    (44) n -> . LPARENTHESIS expresion RPARENTHESIS
    (53) varcte -> . p
    (54) p -> . ID q
    (55) p -> . INT
    (56) p -> . FLOAT
    (57) p -> . CHAR
    (58) p -> . STRING
    (59) p -> . BOOL

    LPARENTHESIS    shift and go to state 57
    ID              shift and go to state 58
    INT             shift and go to state 66
    FLOAT           shift and go to state 60
    CHAR            shift and go to state 52
    STRING          shift and go to state 56
    BOOL            shift and go to state 64

    varcte                         shift and go to state 54
    m                              shift and go to state 61
    n                              shift and go to state 62
    p                              shift and go to state 63
    termino                        shift and go to state 53
    exp                            shift and go to state 106
    factor                         shift and go to state 55

state 84

    (40) l -> DIVISION . termino
    (36) termino -> . factor k
    (41) factor -> . m
    (42) factor -> . n
    (43) m -> . varcte
    (44) n -> . LPARENTHESIS expresion RPARENTHESIS
    (53) varcte -> . p
    (54) p -> . ID q
    (55) p -> . INT
    (56) p -> . FLOAT
    (57) p -> . CHAR
    (58) p -> . STRING
    (59) p -> . BOOL

    LPARENTHESIS    shift and go to state 57
    ID              shift and go to state 58
    INT             shift and go to state 66
    FLOAT           shift and go to state 60
    CHAR            shift and go to state 52
    STRING          shift and go to state 56
    BOOL            shift and go to state 64

    varcte                         shift and go to state 54
    m                              shift and go to state 61
    n                              shift and go to state 62
    p                              shift and go to state 63
    termino                        shift and go to state 107
    factor                         shift and go to state 55

state 85

    (36) termino -> factor k .

    ADDITION        reduce using rule 36 (termino -> factor k .)
    SUBTRACTION     reduce using rule 36 (termino -> factor k .)
    LESS            reduce using rule 36 (termino -> factor k .)
    GREATER         reduce using rule 36 (termino -> factor k .)
    LESSEQUAL       reduce using rule 36 (termino -> factor k .)
    GREATEREQUAL    reduce using rule 36 (termino -> factor k .)
    NOTEQUAL        reduce using rule 36 (termino -> factor k .)
    EQUAL           reduce using rule 36 (termino -> factor k .)
    RPARENTHESIS    reduce using rule 36 (termino -> factor k .)
    ID              reduce using rule 36 (termino -> factor k .)
    IF              reduce using rule 36 (termino -> factor k .)
    PRINT           reduce using rule 36 (termino -> factor k .)
    WHILE           reduce using rule 36 (termino -> factor k .)
    RCURLY          reduce using rule 36 (termino -> factor k .)
    COMA            reduce using rule 36 (termino -> factor k .)
    RBRACKET        reduce using rule 36 (termino -> factor k .)


state 86

    (37) k -> l .

    ADDITION        reduce using rule 37 (k -> l .)
    SUBTRACTION     reduce using rule 37 (k -> l .)
    LESS            reduce using rule 37 (k -> l .)
    GREATER         reduce using rule 37 (k -> l .)
    LESSEQUAL       reduce using rule 37 (k -> l .)
    GREATEREQUAL    reduce using rule 37 (k -> l .)
    NOTEQUAL        reduce using rule 37 (k -> l .)
    EQUAL           reduce using rule 37 (k -> l .)
    RPARENTHESIS    reduce using rule 37 (k -> l .)
    ID              reduce using rule 37 (k -> l .)
    IF              reduce using rule 37 (k -> l .)
    PRINT           reduce using rule 37 (k -> l .)
    WHILE           reduce using rule 37 (k -> l .)
    RCURLY          reduce using rule 37 (k -> l .)
    COMA            reduce using rule 37 (k -> l .)
    RBRACKET        reduce using rule 37 (k -> l .)


state 87

    (39) l -> MULTIPLICATION . termino
    (36) termino -> . factor k
    (41) factor -> . m
    (42) factor -> . n
    (43) m -> . varcte
    (44) n -> . LPARENTHESIS expresion RPARENTHESIS
    (53) varcte -> . p
    (54) p -> . ID q
    (55) p -> . INT
    (56) p -> . FLOAT
    (57) p -> . CHAR
    (58) p -> . STRING
    (59) p -> . BOOL

    LPARENTHESIS    shift and go to state 57
    ID              shift and go to state 58
    INT             shift and go to state 66
    FLOAT           shift and go to state 60
    CHAR            shift and go to state 52
    STRING          shift and go to state 56
    BOOL            shift and go to state 64

    varcte                         shift and go to state 54
    m                              shift and go to state 61
    n                              shift and go to state 62
    p                              shift and go to state 63
    termino                        shift and go to state 108
    factor                         shift and go to state 55

state 88

    (44) n -> LPARENTHESIS expresion . RPARENTHESIS

    RPARENTHESIS    shift and go to state 109


state 89

    (54) p -> ID q .

    MULTIPLICATION  reduce using rule 54 (p -> ID q .)
    DIVISION        reduce using rule 54 (p -> ID q .)
    ADDITION        reduce using rule 54 (p -> ID q .)
    SUBTRACTION     reduce using rule 54 (p -> ID q .)
    RPARENTHESIS    reduce using rule 54 (p -> ID q .)
    ID              reduce using rule 54 (p -> ID q .)
    IF              reduce using rule 54 (p -> ID q .)
    PRINT           reduce using rule 54 (p -> ID q .)
    WHILE           reduce using rule 54 (p -> ID q .)
    RCURLY          reduce using rule 54 (p -> ID q .)
    COMA            reduce using rule 54 (p -> ID q .)
    RBRACKET        reduce using rule 54 (p -> ID q .)
    LESS            reduce using rule 54 (p -> ID q .)
    GREATER         reduce using rule 54 (p -> ID q .)
    LESSEQUAL       reduce using rule 54 (p -> ID q .)
    GREATEREQUAL    reduce using rule 54 (p -> ID q .)
    NOTEQUAL        reduce using rule 54 (p -> ID q .)
    EQUAL           reduce using rule 54 (p -> ID q .)


state 90

    (60) q -> LBRACKET . RBRACKET

    RBRACKET        shift and go to state 110


state 91

    (68) ciclo -> WHILE LPARENTHESIS expresion RPARENTHESIS . bloque
    (6) bloque -> . LCURLY c RCURLY

    LCURLY          shift and go to state 19

    bloque                         shift and go to state 111

state 92

    (50) o -> NOTEQUAL . exp
    (31) exp -> . termino i
    (36) termino -> . factor k
    (41) factor -> . m
    (42) factor -> . n
    (43) m -> . varcte
    (44) n -> . LPARENTHESIS expresion RPARENTHESIS
    (53) varcte -> . p
    (54) p -> . ID q
    (55) p -> . INT
    (56) p -> . FLOAT
    (57) p -> . CHAR
    (58) p -> . STRING
    (59) p -> . BOOL

    LPARENTHESIS    shift and go to state 57
    ID              shift and go to state 58
    INT             shift and go to state 66
    FLOAT           shift and go to state 60
    CHAR            shift and go to state 52
    STRING          shift and go to state 56
    BOOL            shift and go to state 64

    varcte                         shift and go to state 54
    m                              shift and go to state 61
    n                              shift and go to state 62
    p                              shift and go to state 63
    termino                        shift and go to state 53
    exp                            shift and go to state 112
    factor                         shift and go to state 55

state 93

    (49) o -> GREATEREQUAL . exp
    (31) exp -> . termino i
    (36) termino -> . factor k
    (41) factor -> . m
    (42) factor -> . n
    (43) m -> . varcte
    (44) n -> . LPARENTHESIS expresion RPARENTHESIS
    (53) varcte -> . p
    (54) p -> . ID q
    (55) p -> . INT
    (56) p -> . FLOAT
    (57) p -> . CHAR
    (58) p -> . STRING
    (59) p -> . BOOL

    LPARENTHESIS    shift and go to state 57
    ID              shift and go to state 58
    INT             shift and go to state 66
    FLOAT           shift and go to state 60
    CHAR            shift and go to state 52
    STRING          shift and go to state 56
    BOOL            shift and go to state 64

    varcte                         shift and go to state 54
    m                              shift and go to state 61
    n                              shift and go to state 62
    p                              shift and go to state 63
    termino                        shift and go to state 53
    exp                            shift and go to state 113
    factor                         shift and go to state 55

state 94

    (47) o -> GREATER . exp
    (31) exp -> . termino i
    (36) termino -> . factor k
    (41) factor -> . m
    (42) factor -> . n
    (43) m -> . varcte
    (44) n -> . LPARENTHESIS expresion RPARENTHESIS
    (53) varcte -> . p
    (54) p -> . ID q
    (55) p -> . INT
    (56) p -> . FLOAT
    (57) p -> . CHAR
    (58) p -> . STRING
    (59) p -> . BOOL

    LPARENTHESIS    shift and go to state 57
    ID              shift and go to state 58
    INT             shift and go to state 66
    FLOAT           shift and go to state 60
    CHAR            shift and go to state 52
    STRING          shift and go to state 56
    BOOL            shift and go to state 64

    varcte                         shift and go to state 54
    m                              shift and go to state 61
    n                              shift and go to state 62
    p                              shift and go to state 63
    termino                        shift and go to state 53
    exp                            shift and go to state 114
    factor                         shift and go to state 55

state 95

    (46) o -> LESS . exp
    (31) exp -> . termino i
    (36) termino -> . factor k
    (41) factor -> . m
    (42) factor -> . n
    (43) m -> . varcte
    (44) n -> . LPARENTHESIS expresion RPARENTHESIS
    (53) varcte -> . p
    (54) p -> . ID q
    (55) p -> . INT
    (56) p -> . FLOAT
    (57) p -> . CHAR
    (58) p -> . STRING
    (59) p -> . BOOL

    LPARENTHESIS    shift and go to state 57
    ID              shift and go to state 58
    INT             shift and go to state 66
    FLOAT           shift and go to state 60
    CHAR            shift and go to state 52
    STRING          shift and go to state 56
    BOOL            shift and go to state 64

    varcte                         shift and go to state 54
    m                              shift and go to state 61
    n                              shift and go to state 62
    p                              shift and go to state 63
    termino                        shift and go to state 53
    exp                            shift and go to state 115
    factor                         shift and go to state 55

state 96

    (51) o -> EQUAL . exp
    (31) exp -> . termino i
    (36) termino -> . factor k
    (41) factor -> . m
    (42) factor -> . n
    (43) m -> . varcte
    (44) n -> . LPARENTHESIS expresion RPARENTHESIS
    (53) varcte -> . p
    (54) p -> . ID q
    (55) p -> . INT
    (56) p -> . FLOAT
    (57) p -> . CHAR
    (58) p -> . STRING
    (59) p -> . BOOL

    LPARENTHESIS    shift and go to state 57
    ID              shift and go to state 58
    INT             shift and go to state 66
    FLOAT           shift and go to state 60
    CHAR            shift and go to state 52
    STRING          shift and go to state 56
    BOOL            shift and go to state 64

    varcte                         shift and go to state 54
    m                              shift and go to state 61
    n                              shift and go to state 62
    p                              shift and go to state 63
    termino                        shift and go to state 53
    exp                            shift and go to state 116
    factor                         shift and go to state 55

state 97

    (45) expresion -> exp o .

    ID              reduce using rule 45 (expresion -> exp o .)
    IF              reduce using rule 45 (expresion -> exp o .)
    PRINT           reduce using rule 45 (expresion -> exp o .)
    WHILE           reduce using rule 45 (expresion -> exp o .)
    RCURLY          reduce using rule 45 (expresion -> exp o .)
    COMA            reduce using rule 45 (expresion -> exp o .)
    RBRACKET        reduce using rule 45 (expresion -> exp o .)
    RPARENTHESIS    reduce using rule 45 (expresion -> exp o .)


state 98

    (48) o -> LESSEQUAL . exp
    (31) exp -> . termino i
    (36) termino -> . factor k
    (41) factor -> . m
    (42) factor -> . n
    (43) m -> . varcte
    (44) n -> . LPARENTHESIS expresion RPARENTHESIS
    (53) varcte -> . p
    (54) p -> . ID q
    (55) p -> . INT
    (56) p -> . FLOAT
    (57) p -> . CHAR
    (58) p -> . STRING
    (59) p -> . BOOL

    LPARENTHESIS    shift and go to state 57
    ID              shift and go to state 58
    INT             shift and go to state 66
    FLOAT           shift and go to state 60
    CHAR            shift and go to state 52
    STRING          shift and go to state 56
    BOOL            shift and go to state 64

    varcte                         shift and go to state 54
    m                              shift and go to state 61
    n                              shift and go to state 62
    p                              shift and go to state 63
    termino                        shift and go to state 53
    exp                            shift and go to state 117
    factor                         shift and go to state 55

state 99

    (67) s -> QUOTE CTESTRING . QUOTE

    QUOTE           shift and go to state 118


state 100

    (65) escritura -> PRINT LPARENTHESIS s RPARENTHESIS . SEMICOLON

    SEMICOLON       shift and go to state 119


state 101

    (62) condicion -> IF LPARENTHESIS expresion RPARENTHESIS . bloque r
    (6) bloque -> . LCURLY c RCURLY

    LCURLY          shift and go to state 19

    bloque                         shift and go to state 120

state 102

    (28) g -> LBRACKET RBRACKET ASSIGN . LBRACKET h RBRACKET SEMICOLON

    LBRACKET        shift and go to state 121


state 103

    (69) funcion -> tipo FUNC ID LPARENTHESIS t RPARENTHESIS . bloque
    (6) bloque -> . LCURLY c RCURLY

    LCURLY          shift and go to state 19

    bloque                         shift and go to state 122

state 104

    (73) u -> ID tipo .
    (74) u -> ID tipo . COMA u

    RPARENTHESIS    reduce using rule 73 (u -> ID tipo .)
    COMA            shift and go to state 123


state 105

    (34) j -> ADDITION exp .

    LESS            reduce using rule 34 (j -> ADDITION exp .)
    GREATER         reduce using rule 34 (j -> ADDITION exp .)
    LESSEQUAL       reduce using rule 34 (j -> ADDITION exp .)
    GREATEREQUAL    reduce using rule 34 (j -> ADDITION exp .)
    NOTEQUAL        reduce using rule 34 (j -> ADDITION exp .)
    EQUAL           reduce using rule 34 (j -> ADDITION exp .)
    RPARENTHESIS    reduce using rule 34 (j -> ADDITION exp .)
    ID              reduce using rule 34 (j -> ADDITION exp .)
    IF              reduce using rule 34 (j -> ADDITION exp .)
    PRINT           reduce using rule 34 (j -> ADDITION exp .)
    WHILE           reduce using rule 34 (j -> ADDITION exp .)
    RCURLY          reduce using rule 34 (j -> ADDITION exp .)
    COMA            reduce using rule 34 (j -> ADDITION exp .)
    RBRACKET        reduce using rule 34 (j -> ADDITION exp .)


state 106

    (35) j -> SUBTRACTION exp .

    LESS            reduce using rule 35 (j -> SUBTRACTION exp .)
    GREATER         reduce using rule 35 (j -> SUBTRACTION exp .)
    LESSEQUAL       reduce using rule 35 (j -> SUBTRACTION exp .)
    GREATEREQUAL    reduce using rule 35 (j -> SUBTRACTION exp .)
    NOTEQUAL        reduce using rule 35 (j -> SUBTRACTION exp .)
    EQUAL           reduce using rule 35 (j -> SUBTRACTION exp .)
    RPARENTHESIS    reduce using rule 35 (j -> SUBTRACTION exp .)
    ID              reduce using rule 35 (j -> SUBTRACTION exp .)
    IF              reduce using rule 35 (j -> SUBTRACTION exp .)
    PRINT           reduce using rule 35 (j -> SUBTRACTION exp .)
    WHILE           reduce using rule 35 (j -> SUBTRACTION exp .)
    RCURLY          reduce using rule 35 (j -> SUBTRACTION exp .)
    COMA            reduce using rule 35 (j -> SUBTRACTION exp .)
    RBRACKET        reduce using rule 35 (j -> SUBTRACTION exp .)


state 107

    (40) l -> DIVISION termino .

    ADDITION        reduce using rule 40 (l -> DIVISION termino .)
    SUBTRACTION     reduce using rule 40 (l -> DIVISION termino .)
    LESS            reduce using rule 40 (l -> DIVISION termino .)
    GREATER         reduce using rule 40 (l -> DIVISION termino .)
    LESSEQUAL       reduce using rule 40 (l -> DIVISION termino .)
    GREATEREQUAL    reduce using rule 40 (l -> DIVISION termino .)
    NOTEQUAL        reduce using rule 40 (l -> DIVISION termino .)
    EQUAL           reduce using rule 40 (l -> DIVISION termino .)
    RPARENTHESIS    reduce using rule 40 (l -> DIVISION termino .)
    ID              reduce using rule 40 (l -> DIVISION termino .)
    IF              reduce using rule 40 (l -> DIVISION termino .)
    PRINT           reduce using rule 40 (l -> DIVISION termino .)
    WHILE           reduce using rule 40 (l -> DIVISION termino .)
    RCURLY          reduce using rule 40 (l -> DIVISION termino .)
    COMA            reduce using rule 40 (l -> DIVISION termino .)
    RBRACKET        reduce using rule 40 (l -> DIVISION termino .)


state 108

    (39) l -> MULTIPLICATION termino .

    ADDITION        reduce using rule 39 (l -> MULTIPLICATION termino .)
    SUBTRACTION     reduce using rule 39 (l -> MULTIPLICATION termino .)
    LESS            reduce using rule 39 (l -> MULTIPLICATION termino .)
    GREATER         reduce using rule 39 (l -> MULTIPLICATION termino .)
    LESSEQUAL       reduce using rule 39 (l -> MULTIPLICATION termino .)
    GREATEREQUAL    reduce using rule 39 (l -> MULTIPLICATION termino .)
    NOTEQUAL        reduce using rule 39 (l -> MULTIPLICATION termino .)
    EQUAL           reduce using rule 39 (l -> MULTIPLICATION termino .)
    RPARENTHESIS    reduce using rule 39 (l -> MULTIPLICATION termino .)
    ID              reduce using rule 39 (l -> MULTIPLICATION termino .)
    IF              reduce using rule 39 (l -> MULTIPLICATION termino .)
    PRINT           reduce using rule 39 (l -> MULTIPLICATION termino .)
    WHILE           reduce using rule 39 (l -> MULTIPLICATION termino .)
    RCURLY          reduce using rule 39 (l -> MULTIPLICATION termino .)
    COMA            reduce using rule 39 (l -> MULTIPLICATION termino .)
    RBRACKET        reduce using rule 39 (l -> MULTIPLICATION termino .)


state 109

    (44) n -> LPARENTHESIS expresion RPARENTHESIS .

    MULTIPLICATION  reduce using rule 44 (n -> LPARENTHESIS expresion RPARENTHESIS .)
    DIVISION        reduce using rule 44 (n -> LPARENTHESIS expresion RPARENTHESIS .)
    ADDITION        reduce using rule 44 (n -> LPARENTHESIS expresion RPARENTHESIS .)
    SUBTRACTION     reduce using rule 44 (n -> LPARENTHESIS expresion RPARENTHESIS .)
    LESS            reduce using rule 44 (n -> LPARENTHESIS expresion RPARENTHESIS .)
    GREATER         reduce using rule 44 (n -> LPARENTHESIS expresion RPARENTHESIS .)
    LESSEQUAL       reduce using rule 44 (n -> LPARENTHESIS expresion RPARENTHESIS .)
    GREATEREQUAL    reduce using rule 44 (n -> LPARENTHESIS expresion RPARENTHESIS .)
    NOTEQUAL        reduce using rule 44 (n -> LPARENTHESIS expresion RPARENTHESIS .)
    EQUAL           reduce using rule 44 (n -> LPARENTHESIS expresion RPARENTHESIS .)
    RPARENTHESIS    reduce using rule 44 (n -> LPARENTHESIS expresion RPARENTHESIS .)
    ID              reduce using rule 44 (n -> LPARENTHESIS expresion RPARENTHESIS .)
    IF              reduce using rule 44 (n -> LPARENTHESIS expresion RPARENTHESIS .)
    PRINT           reduce using rule 44 (n -> LPARENTHESIS expresion RPARENTHESIS .)
    WHILE           reduce using rule 44 (n -> LPARENTHESIS expresion RPARENTHESIS .)
    RCURLY          reduce using rule 44 (n -> LPARENTHESIS expresion RPARENTHESIS .)
    COMA            reduce using rule 44 (n -> LPARENTHESIS expresion RPARENTHESIS .)
    RBRACKET        reduce using rule 44 (n -> LPARENTHESIS expresion RPARENTHESIS .)


state 110

    (60) q -> LBRACKET RBRACKET .

    MULTIPLICATION  reduce using rule 60 (q -> LBRACKET RBRACKET .)
    DIVISION        reduce using rule 60 (q -> LBRACKET RBRACKET .)
    ADDITION        reduce using rule 60 (q -> LBRACKET RBRACKET .)
    SUBTRACTION     reduce using rule 60 (q -> LBRACKET RBRACKET .)
    LESS            reduce using rule 60 (q -> LBRACKET RBRACKET .)
    GREATER         reduce using rule 60 (q -> LBRACKET RBRACKET .)
    LESSEQUAL       reduce using rule 60 (q -> LBRACKET RBRACKET .)
    GREATEREQUAL    reduce using rule 60 (q -> LBRACKET RBRACKET .)
    NOTEQUAL        reduce using rule 60 (q -> LBRACKET RBRACKET .)
    EQUAL           reduce using rule 60 (q -> LBRACKET RBRACKET .)
    RPARENTHESIS    reduce using rule 60 (q -> LBRACKET RBRACKET .)
    ID              reduce using rule 60 (q -> LBRACKET RBRACKET .)
    IF              reduce using rule 60 (q -> LBRACKET RBRACKET .)
    PRINT           reduce using rule 60 (q -> LBRACKET RBRACKET .)
    WHILE           reduce using rule 60 (q -> LBRACKET RBRACKET .)
    RCURLY          reduce using rule 60 (q -> LBRACKET RBRACKET .)
    COMA            reduce using rule 60 (q -> LBRACKET RBRACKET .)
    RBRACKET        reduce using rule 60 (q -> LBRACKET RBRACKET .)


state 111

    (68) ciclo -> WHILE LPARENTHESIS expresion RPARENTHESIS bloque .

    ID              reduce using rule 68 (ciclo -> WHILE LPARENTHESIS expresion RPARENTHESIS bloque .)
    IF              reduce using rule 68 (ciclo -> WHILE LPARENTHESIS expresion RPARENTHESIS bloque .)
    PRINT           reduce using rule 68 (ciclo -> WHILE LPARENTHESIS expresion RPARENTHESIS bloque .)
    WHILE           reduce using rule 68 (ciclo -> WHILE LPARENTHESIS expresion RPARENTHESIS bloque .)
    RCURLY          reduce using rule 68 (ciclo -> WHILE LPARENTHESIS expresion RPARENTHESIS bloque .)


state 112

    (50) o -> NOTEQUAL exp .

    RPARENTHESIS    reduce using rule 50 (o -> NOTEQUAL exp .)
    ID              reduce using rule 50 (o -> NOTEQUAL exp .)
    IF              reduce using rule 50 (o -> NOTEQUAL exp .)
    PRINT           reduce using rule 50 (o -> NOTEQUAL exp .)
    WHILE           reduce using rule 50 (o -> NOTEQUAL exp .)
    RCURLY          reduce using rule 50 (o -> NOTEQUAL exp .)
    COMA            reduce using rule 50 (o -> NOTEQUAL exp .)
    RBRACKET        reduce using rule 50 (o -> NOTEQUAL exp .)


state 113

    (49) o -> GREATEREQUAL exp .

    RPARENTHESIS    reduce using rule 49 (o -> GREATEREQUAL exp .)
    ID              reduce using rule 49 (o -> GREATEREQUAL exp .)
    IF              reduce using rule 49 (o -> GREATEREQUAL exp .)
    PRINT           reduce using rule 49 (o -> GREATEREQUAL exp .)
    WHILE           reduce using rule 49 (o -> GREATEREQUAL exp .)
    RCURLY          reduce using rule 49 (o -> GREATEREQUAL exp .)
    COMA            reduce using rule 49 (o -> GREATEREQUAL exp .)
    RBRACKET        reduce using rule 49 (o -> GREATEREQUAL exp .)


state 114

    (47) o -> GREATER exp .

    RPARENTHESIS    reduce using rule 47 (o -> GREATER exp .)
    ID              reduce using rule 47 (o -> GREATER exp .)
    IF              reduce using rule 47 (o -> GREATER exp .)
    PRINT           reduce using rule 47 (o -> GREATER exp .)
    WHILE           reduce using rule 47 (o -> GREATER exp .)
    RCURLY          reduce using rule 47 (o -> GREATER exp .)
    COMA            reduce using rule 47 (o -> GREATER exp .)
    RBRACKET        reduce using rule 47 (o -> GREATER exp .)


state 115

    (46) o -> LESS exp .

    RPARENTHESIS    reduce using rule 46 (o -> LESS exp .)
    ID              reduce using rule 46 (o -> LESS exp .)
    IF              reduce using rule 46 (o -> LESS exp .)
    PRINT           reduce using rule 46 (o -> LESS exp .)
    WHILE           reduce using rule 46 (o -> LESS exp .)
    RCURLY          reduce using rule 46 (o -> LESS exp .)
    COMA            reduce using rule 46 (o -> LESS exp .)
    RBRACKET        reduce using rule 46 (o -> LESS exp .)


state 116

    (51) o -> EQUAL exp .

    RPARENTHESIS    reduce using rule 51 (o -> EQUAL exp .)
    ID              reduce using rule 51 (o -> EQUAL exp .)
    IF              reduce using rule 51 (o -> EQUAL exp .)
    PRINT           reduce using rule 51 (o -> EQUAL exp .)
    WHILE           reduce using rule 51 (o -> EQUAL exp .)
    RCURLY          reduce using rule 51 (o -> EQUAL exp .)
    COMA            reduce using rule 51 (o -> EQUAL exp .)
    RBRACKET        reduce using rule 51 (o -> EQUAL exp .)


state 117

    (48) o -> LESSEQUAL exp .

    RPARENTHESIS    reduce using rule 48 (o -> LESSEQUAL exp .)
    ID              reduce using rule 48 (o -> LESSEQUAL exp .)
    IF              reduce using rule 48 (o -> LESSEQUAL exp .)
    PRINT           reduce using rule 48 (o -> LESSEQUAL exp .)
    WHILE           reduce using rule 48 (o -> LESSEQUAL exp .)
    RCURLY          reduce using rule 48 (o -> LESSEQUAL exp .)
    COMA            reduce using rule 48 (o -> LESSEQUAL exp .)
    RBRACKET        reduce using rule 48 (o -> LESSEQUAL exp .)


state 118

    (67) s -> QUOTE CTESTRING QUOTE .

    RPARENTHESIS    reduce using rule 67 (s -> QUOTE CTESTRING QUOTE .)


state 119

    (65) escritura -> PRINT LPARENTHESIS s RPARENTHESIS SEMICOLON .

    ID              reduce using rule 65 (escritura -> PRINT LPARENTHESIS s RPARENTHESIS SEMICOLON .)
    IF              reduce using rule 65 (escritura -> PRINT LPARENTHESIS s RPARENTHESIS SEMICOLON .)
    PRINT           reduce using rule 65 (escritura -> PRINT LPARENTHESIS s RPARENTHESIS SEMICOLON .)
    WHILE           reduce using rule 65 (escritura -> PRINT LPARENTHESIS s RPARENTHESIS SEMICOLON .)
    RCURLY          reduce using rule 65 (escritura -> PRINT LPARENTHESIS s RPARENTHESIS SEMICOLON .)


state 120

    (62) condicion -> IF LPARENTHESIS expresion RPARENTHESIS bloque . r
    (63) r -> . ELSE bloque
    (64) r -> .

    ELSE            shift and go to state 124
    ID              reduce using rule 64 (r -> .)
    IF              reduce using rule 64 (r -> .)
    PRINT           reduce using rule 64 (r -> .)
    WHILE           reduce using rule 64 (r -> .)
    RCURLY          reduce using rule 64 (r -> .)

    r                              shift and go to state 125

state 121

    (28) g -> LBRACKET RBRACKET ASSIGN LBRACKET . h RBRACKET SEMICOLON
    (29) h -> . expresion
    (30) h -> . expresion COMA h
    (45) expresion -> . exp o
    (31) exp -> . termino i
    (36) termino -> . factor k
    (41) factor -> . m
    (42) factor -> . n
    (43) m -> . varcte
    (44) n -> . LPARENTHESIS expresion RPARENTHESIS
    (53) varcte -> . p
    (54) p -> . ID q
    (55) p -> . INT
    (56) p -> . FLOAT
    (57) p -> . CHAR
    (58) p -> . STRING
    (59) p -> . BOOL

    LPARENTHESIS    shift and go to state 57
    ID              shift and go to state 58
    INT             shift and go to state 66
    FLOAT           shift and go to state 60
    CHAR            shift and go to state 52
    STRING          shift and go to state 56
    BOOL            shift and go to state 64

    expresion                      shift and go to state 126
    varcte                         shift and go to state 54
    h                              shift and go to state 127
    m                              shift and go to state 61
    n                              shift and go to state 62
    p                              shift and go to state 63
    termino                        shift and go to state 53
    exp                            shift and go to state 65
    factor                         shift and go to state 55

state 122

    (69) funcion -> tipo FUNC ID LPARENTHESIS t RPARENTHESIS bloque .

    INTTYPE         reduce using rule 69 (funcion -> tipo FUNC ID LPARENTHESIS t RPARENTHESIS bloque .)
    FLOATTYPE       reduce using rule 69 (funcion -> tipo FUNC ID LPARENTHESIS t RPARENTHESIS bloque .)
    CHARTYPE        reduce using rule 69 (funcion -> tipo FUNC ID LPARENTHESIS t RPARENTHESIS bloque .)
    BOOLTYPE        reduce using rule 69 (funcion -> tipo FUNC ID LPARENTHESIS t RPARENTHESIS bloque .)
    STRINGTYPE      reduce using rule 69 (funcion -> tipo FUNC ID LPARENTHESIS t RPARENTHESIS bloque .)
    LCURLY          reduce using rule 69 (funcion -> tipo FUNC ID LPARENTHESIS t RPARENTHESIS bloque .)


state 123

    (74) u -> ID tipo COMA . u
    (73) u -> . ID tipo
    (74) u -> . ID tipo COMA u

    ID              shift and go to state 76

    u                              shift and go to state 128

state 124

    (63) r -> ELSE . bloque
    (6) bloque -> . LCURLY c RCURLY

    LCURLY          shift and go to state 19

    bloque                         shift and go to state 129

state 125

    (62) condicion -> IF LPARENTHESIS expresion RPARENTHESIS bloque r .

    ID              reduce using rule 62 (condicion -> IF LPARENTHESIS expresion RPARENTHESIS bloque r .)
    IF              reduce using rule 62 (condicion -> IF LPARENTHESIS expresion RPARENTHESIS bloque r .)
    PRINT           reduce using rule 62 (condicion -> IF LPARENTHESIS expresion RPARENTHESIS bloque r .)
    WHILE           reduce using rule 62 (condicion -> IF LPARENTHESIS expresion RPARENTHESIS bloque r .)
    RCURLY          reduce using rule 62 (condicion -> IF LPARENTHESIS expresion RPARENTHESIS bloque r .)


state 126

    (29) h -> expresion .
    (30) h -> expresion . COMA h

    RBRACKET        reduce using rule 29 (h -> expresion .)
    COMA            shift and go to state 130


state 127

    (28) g -> LBRACKET RBRACKET ASSIGN LBRACKET h . RBRACKET SEMICOLON

    RBRACKET        shift and go to state 131


state 128

    (74) u -> ID tipo COMA u .

    RPARENTHESIS    reduce using rule 74 (u -> ID tipo COMA u .)


state 129

    (63) r -> ELSE bloque .

    ID              reduce using rule 63 (r -> ELSE bloque .)
    IF              reduce using rule 63 (r -> ELSE bloque .)
    PRINT           reduce using rule 63 (r -> ELSE bloque .)
    WHILE           reduce using rule 63 (r -> ELSE bloque .)
    RCURLY          reduce using rule 63 (r -> ELSE bloque .)


state 130

    (30) h -> expresion COMA . h
    (29) h -> . expresion
    (30) h -> . expresion COMA h
    (45) expresion -> . exp o
    (31) exp -> . termino i
    (36) termino -> . factor k
    (41) factor -> . m
    (42) factor -> . n
    (43) m -> . varcte
    (44) n -> . LPARENTHESIS expresion RPARENTHESIS
    (53) varcte -> . p
    (54) p -> . ID q
    (55) p -> . INT
    (56) p -> . FLOAT
    (57) p -> . CHAR
    (58) p -> . STRING
    (59) p -> . BOOL

    LPARENTHESIS    shift and go to state 57
    ID              shift and go to state 58
    INT             shift and go to state 66
    FLOAT           shift and go to state 60
    CHAR            shift and go to state 52
    STRING          shift and go to state 56
    BOOL            shift and go to state 64

    expresion                      shift and go to state 126
    varcte                         shift and go to state 54
    h                              shift and go to state 132
    m                              shift and go to state 61
    n                              shift and go to state 62
    p                              shift and go to state 63
    termino                        shift and go to state 53
    exp                            shift and go to state 65
    factor                         shift and go to state 55

state 131

    (28) g -> LBRACKET RBRACKET ASSIGN LBRACKET h RBRACKET . SEMICOLON

    SEMICOLON       shift and go to state 133


state 132

    (30) h -> expresion COMA h .

    RBRACKET        reduce using rule 30 (h -> expresion COMA h .)


state 133

    (28) g -> LBRACKET RBRACKET ASSIGN LBRACKET h RBRACKET SEMICOLON .

    ID              reduce using rule 28 (g -> LBRACKET RBRACKET ASSIGN LBRACKET h RBRACKET SEMICOLON .)
    IF              reduce using rule 28 (g -> LBRACKET RBRACKET ASSIGN LBRACKET h RBRACKET SEMICOLON .)
    PRINT           reduce using rule 28 (g -> LBRACKET RBRACKET ASSIGN LBRACKET h RBRACKET SEMICOLON .)
    WHILE           reduce using rule 28 (g -> LBRACKET RBRACKET ASSIGN LBRACKET h RBRACKET SEMICOLON .)
    RCURLY          reduce using rule 28 (g -> LBRACKET RBRACKET ASSIGN LBRACKET h RBRACKET SEMICOLON .)

